<?xml version="1.0" encoding="UTF-8"?>
<!-- Generated by org.testng.reporters.JUnitReportReporter -->
<testsuite skipped="0" hostname="ctamayo-mobl3" name="mysimplejavaprojecttest.MySimpleClassNGTest" tests="2" failures="0" timestamp="28 Feb 2023 18:10:34 GMT" time="0.000" errors="0">
  <testcase name="testGet_sum" time="0.000" classname="mysimplejavaprojecttest.MySimpleClassNGTest"/>
  <testcase name="testGet_diff" time="0.000" classname="mysimplejavaprojecttest.MySimpleClassNGTest"/>
</testsuite> <!-- mysimplejavaprojecttest.MySimpleClassNGTest -->
